<?xml version="1.0" encoding="UTF-8"?>
<!-- Generated by org.testng.reporters.JUnitReportReporter -->
<testsuite skipped="0" hostname="VIN-PC" name="services.ChangeManagementTests" tests="2" failures="0" timestamp="2020-07-29T22:11:01 IST" time="31.773" errors="0">
  <testcase name="createChangeRequest" time="23.674" classname="services.ChangeManagementTests"/>
  <testcase name="getChangeRequest" time="8.099" classname="services.ChangeManagementTests"/>
</testsuite> <!-- services.ChangeManagementTests -->
