<?xml version="1.0" encoding="UTF-8"?>
<!-- Generated by org.testng.reporters.JUnitReportReporter -->
<testsuite skipped="0" hostname="VIN-PC" name="runner.RunTest" tests="3" failures="0" timestamp="2020-07-29T20:02:45 IST" time="25.015" errors="0">
  <testcase name="runScenario" time="4.818" classname="runner.RunTest"/>
  <testcase name="runScenario" time="14.404" classname="runner.RunTest"/>
  <testcase name="runScenario" time="5.793" classname="runner.RunTest"/>
</testsuite> <!-- runner.RunTest -->
